2024/03/29 13:28:52 {"callers":["D:/go/src/my-service/main.go: 126 main.init.0"],"level":"info","message":"查看参数","time":1711690132518419600}
2024/03/29 13:32:33 {"callers":["D:/go/src/my-service/main.go: 126 main.init.0"],"level":"info","message":"查看参数0xc000720028","time":1711690353713555500}
2024/03/29 13:33:40 {"callers":["D:/go/src/my-service/main.go: 126 main.init.0"],"level":"info","message":"查看参数0xc000720288","time":1711690420384696000}
2024/03/29 13:34:35 {"callers":["D:/go/src/my-service/main.go: 126 main.init.0"],"level":"info","message":"查看参数0xc0000603e8","time":1711690475975566800}
2024/03/29 13:35:42 {"callers":["D:/go/src/my-service/main.go: 126 main.init.0"],"level":"info","message":"查看参数0xc000720428","time":1711690542113511400}
2024/03/29 13:37:46 {"callers":["D:/go/src/my-service/main.go: 126 main.init.0"],"level":"info","message":"查看参数0xc00017c1a8","time":1711690666856633900}
2024/03/29 13:38:53 {"callers":["D:/go/src/my-service/main.go: 126 main.init.0"],"level":"info","message":"查看参数0xc0000609c8","time":1711690733411711600}
2024/03/29 13:41:05 {"callers":["D:/go/src/my-service/main.go: 126 main.init.0"],"level":"info","message":"查看参数0xc000460dc8","time":1711690865756330000}
2024/03/29 13:41:39 {"callers":["D:/go/src/my-service/main.go: 126 main.init.0"],"level":"info","message":"查看参数0xc0006d4048","time":1711690899078375000}
2024/03/29 13:43:08 {"callers":["D:/go/src/my-service/main.go: 126 main.init.0"],"level":"info","message":"查看参数0xc00058a268","time":1711690988747747500}
2024/03/29 13:44:06 {"callers":["D:/go/src/my-service/main.go: 126 main.init.0"],"level":"info","message":"查看参数0xc0002e6028","time":1711691046711027400}
2024/03/29 13:44:17 {"callers":["D:/go/src/my-service/main.go: 126 main.init.0"],"level":"info","message":"查看参数0xc00061e0e8","time":1711691057839321500}
2024/03/29 13:45:04 {"callers":["D:/go/src/my-service/main.go: 126 main.init.0"],"level":"info","message":"查看参数0xc00042e048","time":1711691104136629600}
2024/03/29 13:45:13 {"callers":["D:/go/src/my-service/main.go: 126 main.init.0"],"level":"info","message":"查看参数0xc000718808","time":1711691113027890400}
2024/03/29 14:43:29 {"callers":["D:/go/src/my-service/main.go: 126 main.init.0"],"level":"info","message":"status0xc0000259a8","time":1711694609617611800}
2024/03/29 14:44:59 {"callers":["D:/go/src/my-service/main.go: 126 main.init.0"],"level":"info","message":"dao-status0","time":1711694699918779300}
2024/03/29 14:44:59 {"callers":["D:/go/src/my-service/main.go: 126 main.init.0"],"level":"info","message":"status0xc0004ab108","time":1711694699935260100}
2024/03/29 14:46:50 {"callers":["D:/go/src/my-service/main.go: 126 main.init.0"],"level":"info","message":"dao-status0","time":1711694810189481700}
2024/03/29 14:46:50 {"callers":["D:/go/src/my-service/main.go: 126 main.init.0"],"level":"info","message":"status0xc000024d20","time":1711694810210626500}
2024/03/29 14:48:49 {"callers":["D:/go/src/my-service/main.go: 126 main.init.0"],"level":"info","message":"dao-status0","time":1711694929590750000}
2024/03/29 14:48:49 {"callers":["D:/go/src/my-service/main.go: 126 main.init.0"],"level":"info","message":"status0xc0000ad4c8","time":1711694929604607800}
2024/03/29 15:06:13 {"callers":["D:/go/src/my-service/main.go: 126 main.init.0"],"level":"info","message":"dao-status0","time":1711695973490135800}
2024/03/29 15:06:13 {"callers":["D:/go/src/my-service/main.go: 126 main.init.0"],"level":"info","message":"status0xc00044bff8","time":1711695973504730400}
2024/03/29 15:17:35 {"callers":["D:/go/src/my-service/main.go: 126 main.init.0"],"level":"info","message":"dao-status0","time":1711696655577334500}
2024/03/29 15:17:35 {"callers":["D:/go/src/my-service/main.go: 126 main.init.0"],"level":"info","message":"status0xc000510848","time":1711696655592299600}
2024/03/29 15:19:31 {"callers":["D:/go/src/my-service/main.go: 126 main.init.0"],"level":"info","message":"dao-status0","time":1711696771057206700}
2024/03/29 15:19:31 {"callers":["D:/go/src/my-service/main.go: 126 main.init.0"],"level":"info","message":"status0xc000619090","time":1711696771070887400}
2024/03/29 15:21:03 {"callers":["D:/go/src/my-service/main.go: 126 main.init.0"],"level":"info","message":"dao-status0","time":1711696863946562000}
2024/03/29 15:21:03 {"callers":["D:/go/src/my-service/main.go: 126 main.init.0"],"level":"info","message":"status0xc000024790","time":1711696863960507500}
2024/03/29 15:21:08 {"callers":["D:/go/src/my-service/main.go: 126 main.init.0"],"level":"info","message":"dao-status1","time":1711696868737440100}
2024/03/29 15:21:08 {"callers":["D:/go/src/my-service/main.go: 126 main.init.0"],"level":"info","message":"status0xc00052cc10","time":1711696868752134900}
2024/03/29 16:14:09 {"callers":["D:/go/src/my-service/main.go: 126 main.init.0"],"level":"info","message":"dao-status1","time":1711700049843267900}
2024/03/29 16:14:09 {"callers":["D:/go/src/my-service/main.go: 126 main.init.0"],"level":"info","message":"status0xc000619240","time":1711700049874620100}
2024/03/29 16:15:43 {"callers":["D:/go/src/my-service/main.go: 126 main.init.0"],"level":"info","message":"dao-status1","time":1711700143432085900}
2024/03/29 16:15:43 {"callers":["D:/go/src/my-service/main.go: 126 main.init.0"],"level":"info","message":"status0xc0006189c0","time":1711700143446671000}
2024/03/29 16:16:58 {"callers":["D:/go/src/my-service/main.go: 126 main.init.0"],"level":"info","message":"dao-status1","time":1711700218678692800}
2024/03/29 16:16:58 {"callers":["D:/go/src/my-service/main.go: 126 main.init.0"],"level":"info","message":"status0xc00044d750","time":1711700218692537100}
2024/03/29 16:17:27 {"callers":["D:/go/src/my-service/main.go: 126 main.init.0"],"level":"info","message":"dao-status1","time":1711700247094534500}
2024/03/29 16:17:27 {"callers":["D:/go/src/my-service/main.go: 126 main.init.0"],"level":"info","message":"status0xc000756530","time":1711700247108198800}
2024/04/15 16:46:10 {"callers":["D:/go/src/my-service/main.go: 128 main.init.0"],"level":"info","message":"当前注册调用新增-1","time":1713170770125763700}
2024/04/15 16:47:46 {"callers":["D:/go/src/my-service/main.go: 128 main.init.0"],"level":"info","message":"当前注册调用新增-1","time":1713170866523491600}
2024/04/15 16:48:54 {"callers":["D:/go/src/my-service/main.go: 128 main.init.0"],"level":"info","message":"当前注册调用新增-1","time":1713170934322060000}
2024/04/15 16:54:19 {"callers":["D:/go/src/my-service/main.go: 128 main.init.0"],"level":"info","message":"当前注册调用新增-1","time":1713171259516432700}
2024/04/15 16:56:22 {"callers":["D:/go/src/my-service/main.go: 128 main.init.0"],"level":"info","message":"当前用户信息{\u003cnil\u003e 15202270460 Cx4OZLSrXQBYEZyif3oR91Acfrxeod+jVOzuOe0fQTQ= 2024-04-15 16:56:22 2024-04-15 16:56:22  1    0 2}","time":1713171382447187200}
2024/04/15 16:56:22 {"callers":["D:/go/src/my-service/main.go: 128 main.init.0"],"level":"info","message":"当前注册调用新增-1","time":1713171382478160100}
2024/04/15 16:59:41 {"callers":["D:/go/src/my-service/main.go: 128 main.init.0"],"level":"info","message":"当前用户信息{\u003cnil\u003e 15202270460 Cx4OZLSrXQBYEZyif3oR91Acfrxeod+jVOzuOe0fQTQ= 2024-04-15 16:59:41 2024-04-15 16:59:41  1 15202270460   0 2}","time":1713171581534513300}
2024/04/15 16:59:41 {"callers":["D:/go/src/my-service/main.go: 128 main.init.0"],"level":"info","message":"当前注册调用新增-1","time":1713171581556276500}
2024/04/15 17:05:01 {"callers":["D:/go/src/my-service/main.go: 128 main.init.0"],"level":"info","message":"当前注册调用新增-1","time":1713171901208337100}
2024/04/15 17:08:46 {"callers":["D:/go/src/my-service/main.go: 128 main.init.0"],"level":"info","message":"当前注册调用新增-1","time":1713172126112526900}
2024/04/16 10:01:35 {"callers":["D:/go/src/my-service/main.go: 128 main.init.0"],"level":"info","message":"当前注册调用新增-1","time":1713232895550491100}
2024/04/16 10:03:30 {"callers":["D:/go/src/my-service/main.go: 128 main.init.0"],"level":"info","message":"当前注册调用新增-1","time":1713233010300132600}
2024/04/16 10:11:28 {"callers":["D:/go/src/my-service/main.go: 128 main.init.0"],"level":"info","message":"当前注册调用新增-1","time":1713233488252136600}
2024/04/16 13:53:29 {"callers":["D:/go/src/my-service/main.go: 128 main.init.0"],"level":"info","message":"当前注册调用新增-1","time":1713246809024665900}
2024/04/16 13:58:19 {"callers":["D:/go/src/my-service/main.go: 128 main.init.0"],"level":"info","message":"当前用户信息{\u003cnil\u003e 15202270460 Cx4OZLSrXQBYEZyif3oR91Acfrxeod+jVOzuOe0fQTQ= 2024-04-16 13:58:19 2024-04-16 13:58:19  1 15202270460   0 0}","time":1713247099485276800}
2024/04/16 13:58:19 {"callers":["D:/go/src/my-service/main.go: 128 main.init.0"],"level":"info","message":"当前注册调用新增-1","time":1713247099524034000}
2024/04/16 14:00:45 {"callers":["D:/go/src/my-service/main.go: 128 main.init.0"],"level":"info","message":"当前用户信息{\u003cnil\u003e 15202270460 Cx4OZLSrXQBYEZyif3oR91Acfrxeod+jVOzuOe0fQTQ= 2024-04-16 14:00:45 2024-04-16 14:00:45  1 15202270460   0 2}","time":1713247245393868600}
2024/04/16 14:00:45 {"callers":["D:/go/src/my-service/main.go: 128 main.init.0"],"level":"info","message":"当前注册调用新增0","time":1713247245437305900}
2024/04/16 14:17:18 {"callers":["D:/go/src/my-service/main.go: 128 main.init.0"],"level":"info","message":"当前用户信息{\u003cnil\u003e 15202270460 PlYGZTo4ew1+OQT3XOaJyA== 2024-04-16 14:17:18 2024-04-16 14:17:18  1 15202270460   0 2}","time":1713248238358369300}
2024/04/16 14:17:18 {"callers":["D:/go/src/my-service/main.go: 128 main.init.0"],"level":"info","message":"当前注册调用新增0","time":1713248238480147700}
2024/04/16 14:19:03 {"callers":["D:/go/src/my-service/main.go: 128 main.init.0"],"level":"info","message":"当前用户信息{\u003cnil\u003e 15202270460 PlYGZTo4ew1+OQT3XOaJyA== 2024-04-16 14:19:03 2024-04-16 14:19:03  1 15202270460   0 2}","time":1713248343286940400}
2024/04/16 14:19:03 {"callers":["D:/go/src/my-service/main.go: 128 main.init.0"],"level":"info","message":"当前注册调用新增0","time":1713248343346097600}
2024/04/16 14:58:05 {"callers":["D:/go/src/my-service/main.go: 128 main.init.0"],"level":"info","message":"当前用户信息{\u003cnil\u003e test PlYGZTo4ew1+OQT3XOaJyA== 2024-04-16 14:58:05 2024-04-16 14:58:05  1 test   0 2}","time":1713250685476251700}
2024/04/16 14:58:05 {"callers":["D:/go/src/my-service/main.go: 128 main.init.0"],"level":"info","message":"当前注册调用新增0","time":1713250685530527800}
