2024/04/01 17:34:00 {"callers":["D:/go/src/my-service/main.go: 126 main.init.0"],"level":"info","message":"判断值0","time":1711964040165044600}
2024/04/01 17:34:00 {"callers":["D:/go/src/my-service/main.go: 126 main.init.0"],"level":"info","message":"判断true","time":1711964040165550500}
2024/04/01 17:35:36 {"callers":["D:/go/src/my-service/main.go: 126 main.init.0"],"level":"info","message":"判断值1","time":1711964136645293000}
2024/04/01 17:35:36 {"callers":["D:/go/src/my-service/main.go: 126 main.init.0"],"level":"info","message":"判断false","time":1711964136645293000}
2024/04/15 16:37:03 {"callers":["D:/go/src/my-service/main.go: 128 main.init.0"],"level":"info","message":"创建手机注册表单","time":1713170223765788300}
2024/04/15 16:37:03 {"callers":["D:/go/src/my-service/main.go: 128 main.init.0"],"level":"info","message":"创建用户开始执行","time":1713170223767719100}
2024/04/15 16:37:03 {"callers":["D:/go/src/my-service/main.go: 128 main.init.0"],"level":"info","message":"查看判断值admin","time":1713170223767719100}
2024/04/15 16:43:48 {"callers":["D:/go/src/my-service/main.go: 128 main.init.0"],"level":"info","message":"创建手机注册表单","time":1713170628407704500}
2024/04/15 16:43:48 {"callers":["D:/go/src/my-service/main.go: 128 main.init.0"],"level":"info","message":"创建用户开始执行","time":1713170628408285700}
2024/04/15 16:43:48 {"callers":["D:/go/src/my-service/main.go: 128 main.init.0"],"level":"info","message":"查看判断值user","time":1713170628408285700}
2024/04/15 16:46:10 {"callers":["D:/go/src/my-service/main.go: 128 main.init.0"],"level":"info","message":"创建手机注册表单","time":1713170770061238500}
2024/04/15 16:46:10 {"callers":["D:/go/src/my-service/main.go: 128 main.init.0"],"level":"info","message":"创建用户开始执行","time":1713170770061238500}
2024/04/15 16:46:10 {"callers":["D:/go/src/my-service/main.go: 128 main.init.0"],"level":"info","message":"查看判断值user","time":1713170770061238500}
2024/04/15 16:47:46 {"callers":["D:/go/src/my-service/main.go: 128 main.init.0"],"level":"info","message":"创建手机注册表单","time":1713170866477850500}
2024/04/15 16:47:46 {"callers":["D:/go/src/my-service/main.go: 128 main.init.0"],"level":"info","message":"创建用户开始执行","time":1713170866478357200}
2024/04/15 16:47:46 {"callers":["D:/go/src/my-service/main.go: 128 main.init.0"],"level":"info","message":"查看判断值user","time":1713170866478357200}
2024/04/15 16:48:54 {"callers":["D:/go/src/my-service/main.go: 128 main.init.0"],"level":"info","message":"创建手机注册表单","time":1713170934269881400}
2024/04/15 16:48:54 {"callers":["D:/go/src/my-service/main.go: 128 main.init.0"],"level":"info","message":"创建用户开始执行","time":1713170934270388900}
2024/04/15 16:48:54 {"callers":["D:/go/src/my-service/main.go: 128 main.init.0"],"level":"info","message":"查看判断值user","time":1713170934270388900}
2024/04/15 16:54:19 {"callers":["D:/go/src/my-service/main.go: 128 main.init.0"],"level":"info","message":"创建手机注册表单","time":1713171259471525200}
2024/04/15 16:54:19 {"callers":["D:/go/src/my-service/main.go: 128 main.init.0"],"level":"info","message":"创建用户开始执行","time":1713171259472631700}
2024/04/15 16:54:19 {"callers":["D:/go/src/my-service/main.go: 128 main.init.0"],"level":"info","message":"查看判断值user","time":1713171259472631700}
2024/04/15 16:56:22 {"callers":["D:/go/src/my-service/main.go: 128 main.init.0"],"level":"info","message":"创建手机注册表单","time":1713171382426315000}
2024/04/15 16:56:22 {"callers":["D:/go/src/my-service/main.go: 128 main.init.0"],"level":"info","message":"创建用户开始执行","time":1713171382426315000}
2024/04/15 16:56:22 {"callers":["D:/go/src/my-service/main.go: 128 main.init.0"],"level":"info","message":"查看判断值user","time":1713171382426315000}
2024/04/15 16:56:22 {"callers":["D:/go/src/my-service/main.go: 128 main.init.0"],"level":"info","message":"查询的role_id{\u003cnil\u003e      0  0 \u003cnil\u003e}","time":1713171382426315000}
2024/04/15 16:59:41 {"callers":["D:/go/src/my-service/main.go: 128 main.init.0"],"level":"info","message":"创建手机注册表单","time":1713171581520694100}
2024/04/15 16:59:41 {"callers":["D:/go/src/my-service/main.go: 128 main.init.0"],"level":"info","message":"创建用户开始执行","time":1713171581520694100}
2024/04/15 16:59:41 {"callers":["D:/go/src/my-service/main.go: 128 main.init.0"],"level":"info","message":"查看判断值user","time":1713171581520694100}
2024/04/15 16:59:41 {"callers":["D:/go/src/my-service/main.go: 128 main.init.0"],"level":"info","message":"查询的role_id, %v{\u003cnil\u003e      0  0 \u003cnil\u003e}","time":1713171581520694100}
2024/04/15 17:00:47 {"callers":["D:/go/src/my-service/main.go: 128 main.init.0"],"level":"info","message":"创建手机注册表单","time":1713171647645406100}
2024/04/15 17:00:47 {"callers":["D:/go/src/my-service/main.go: 128 main.init.0"],"level":"info","message":"创建用户开始执行","time":1713171647645975600}
2024/04/15 17:00:47 {"callers":["D:/go/src/my-service/main.go: 128 main.init.0"],"level":"info","message":"查看判断值user","time":1713171647645975600}
2024/04/15 17:05:01 {"callers":["D:/go/src/my-service/main.go: 128 main.init.0"],"level":"info","message":"创建手机注册表单","time":1713171901206823200}
2024/04/15 17:05:01 {"callers":["D:/go/src/my-service/main.go: 128 main.init.0"],"level":"info","message":"创建用户开始执行","time":1713171901206823200}
2024/04/15 17:05:01 {"callers":["D:/go/src/my-service/main.go: 128 main.init.0"],"level":"info","message":"查看判断值user","time":1713171901206823200}
2024/04/15 17:05:01 {"callers":["D:/go/src/my-service/main.go: 128 main.init.0"],"level":"info","message":"查询的role_id0","time":1713171901207768600}
2024/04/15 17:08:46 {"callers":["D:/go/src/my-service/main.go: 128 main.init.0"],"level":"info","message":"创建手机注册表单","time":1713172126110672500}
2024/04/15 17:08:46 {"callers":["D:/go/src/my-service/main.go: 128 main.init.0"],"level":"info","message":"创建用户开始执行","time":1713172126110672500}
2024/04/15 17:08:46 {"callers":["D:/go/src/my-service/main.go: 128 main.init.0"],"level":"info","message":"查看判断值user","time":1713172126110672500}
2024/04/15 17:08:46 {"callers":["D:/go/src/my-service/main.go: 128 main.init.0"],"level":"info","message":"查询的role_id0","time":1713172126111906700}
2024/04/16 10:01:35 {"callers":["D:/go/src/my-service/main.go: 128 main.init.0"],"level":"info","message":"创建手机注册表单","time":1713232895537845300}
2024/04/16 10:01:35 {"callers":["D:/go/src/my-service/main.go: 128 main.init.0"],"level":"info","message":"创建用户开始执行","time":1713232895539472300}
2024/04/16 10:01:35 {"callers":["D:/go/src/my-service/main.go: 128 main.init.0"],"level":"info","message":"查看判断值user","time":1713232895539472300}
2024/04/16 10:01:35 {"callers":["D:/go/src/my-service/main.go: 128 main.init.0"],"level":"info","message":"查询的role_id0","time":1713232895549872100}
2024/04/16 10:03:30 {"callers":["D:/go/src/my-service/main.go: 128 main.init.0"],"level":"info","message":"创建手机注册表单","time":1713233010297586200}
2024/04/16 10:03:30 {"callers":["D:/go/src/my-service/main.go: 128 main.init.0"],"level":"info","message":"创建用户开始执行","time":1713233010297586200}
2024/04/16 10:03:30 {"callers":["D:/go/src/my-service/main.go: 128 main.init.0"],"level":"info","message":"查看判断值user","time":1713233010297586200}
2024/04/16 10:03:30 {"callers":["D:/go/src/my-service/main.go: 128 main.init.0"],"level":"info","message":"查询的role_id0","time":1713233010298092400}
2024/04/16 10:11:28 {"callers":["D:/go/src/my-service/main.go: 128 main.init.0"],"level":"info","message":"创建手机注册表单","time":1713233488250345000}
2024/04/16 10:11:28 {"callers":["D:/go/src/my-service/main.go: 128 main.init.0"],"level":"info","message":"创建用户开始执行","time":1713233488250920500}
2024/04/16 10:11:28 {"callers":["D:/go/src/my-service/main.go: 128 main.init.0"],"level":"info","message":"查看判断值user","time":1713233488250920500}
2024/04/16 10:11:28 {"callers":["D:/go/src/my-service/main.go: 128 main.init.0"],"level":"info","message":"查询的role_id0","time":1713233488251973200}
2024/04/16 13:53:29 {"callers":["D:/go/src/my-service/main.go: 128 main.init.0"],"level":"info","message":"创建手机注册表单","time":1713246809023050200}
2024/04/16 13:53:29 {"callers":["D:/go/src/my-service/main.go: 128 main.init.0"],"level":"info","message":"创建用户开始执行","time":1713246809023639600}
2024/04/16 13:53:29 {"callers":["D:/go/src/my-service/main.go: 128 main.init.0"],"level":"info","message":"查看判断值user","time":1713246809023639600}
2024/04/16 13:53:29 {"callers":["D:/go/src/my-service/main.go: 128 main.init.0"],"level":"info","message":"查询的role_id0","time":1713246809024143700}
2024/04/16 13:58:19 {"callers":["D:/go/src/my-service/main.go: 128 main.init.0"],"level":"info","message":"创建手机注册表单","time":1713247099466710400}
2024/04/16 13:58:19 {"callers":["D:/go/src/my-service/main.go: 128 main.init.0"],"level":"info","message":"创建用户开始执行","time":1713247099466710400}
2024/04/16 13:58:19 {"callers":["D:/go/src/my-service/main.go: 128 main.init.0"],"level":"info","message":"查看判断值user","time":1713247099466710400}
2024/04/16 13:58:19 {"callers":["D:/go/src/my-service/main.go: 128 main.init.0"],"level":"info","message":"查询的role_id0","time":1713247099484770700}
2024/04/16 14:00:45 {"callers":["D:/go/src/my-service/main.go: 128 main.init.0"],"level":"info","message":"创建手机注册表单","time":1713247245372566100}
2024/04/16 14:00:45 {"callers":["D:/go/src/my-service/main.go: 128 main.init.0"],"level":"info","message":"创建用户开始执行","time":1713247245372566100}
2024/04/16 14:00:45 {"callers":["D:/go/src/my-service/main.go: 128 main.init.0"],"level":"info","message":"查看判断值user","time":1713247245372566100}
2024/04/16 14:00:45 {"callers":["D:/go/src/my-service/main.go: 128 main.init.0"],"level":"info","message":"查询的role_id0","time":1713247245393868600}
2024/04/16 14:17:18 {"callers":["D:/go/src/my-service/main.go: 128 main.init.0"],"level":"info","message":"创建手机注册表单PlYGZTo4ew1+OQT3XOaJyA==","time":1713248238315114300}
2024/04/16 14:19:03 {"callers":["D:/go/src/my-service/main.go: 128 main.init.0"],"level":"info","message":"创建手机注册表单PlYGZTo4ew1+OQT3XOaJyA==","time":1713248343257104300}
